<?xml version="1.0" encoding="UTF-8"?>
<checkstyle version="6.18">
<file name="C:\Users\prico\OneDrive\Desktop\Faculta\SD\Assignment_3\deviceMicroservice\src\main\java\ro\tuc\ds2020\config\AppConfig.java">
<error line="11" column="5" severity="warning" message="Method &apos;restTemplate&apos; is not designed for extension - needs to be abstract, final or empty." source="com.puppycrawl.tools.checkstyle.checks.design.DesignForExtensionCheck"/>
<error line="16" column="5" severity="warning" message="Method &apos;addCorsMappings&apos; is not designed for extension - needs to be abstract, final or empty." source="com.puppycrawl.tools.checkstyle.checks.design.DesignForExtensionCheck"/>
<error line="17" column="33" severity="warning" message="Parameter registry should be final." source="com.puppycrawl.tools.checkstyle.checks.FinalParametersCheck"/>
</file>
<file name="C:\Users\prico\OneDrive\Desktop\Faculta\SD\Assignment_3\deviceMicroservice\src\main\java\ro\tuc\ds2020\config\CustomUserDetailsService.java">
<error line="4" column="8" severity="warning" message="Unused import - org.springframework.security.core.GrantedAuthority." source="com.puppycrawl.tools.checkstyle.checks.imports.UnusedImportsCheck"/>
<error line="10" column="8" severity="warning" message="Unused import - java.util.Collection." source="com.puppycrawl.tools.checkstyle.checks.imports.UnusedImportsCheck"/>
<error line="15" column="5" severity="warning" message="Method &apos;loadUserByUsername&apos; is not designed for extension - needs to be abstract, final or empty." source="com.puppycrawl.tools.checkstyle.checks.design.DesignForExtensionCheck"/>
<error line="16" column="43" severity="warning" message="Parameter username should be final." source="com.puppycrawl.tools.checkstyle.checks.FinalParametersCheck"/>
</file>
<file name="C:\Users\prico\OneDrive\Desktop\Faculta\SD\Assignment_3\deviceMicroservice\src\main\java\ro\tuc\ds2020\config\JwtRequestFilter.java">
<error line="5" column="8" severity="warning" message="Unused import - org.springframework.security.core.userdetails.UserDetails." source="com.puppycrawl.tools.checkstyle.checks.imports.UnusedImportsCheck"/>
<error line="23" column="5" severity="warning" message="Method &apos;doFilterInternal&apos; is not designed for extension - needs to be abstract, final or empty." source="com.puppycrawl.tools.checkstyle.checks.design.DesignForExtensionCheck"/>
<error line="24" column="37" severity="warning" message="Parameter request should be final." source="com.puppycrawl.tools.checkstyle.checks.FinalParametersCheck"/>
<error line="24" column="65" severity="warning" message="Parameter response should be final." source="com.puppycrawl.tools.checkstyle.checks.FinalParametersCheck"/>
<error line="24" column="95" severity="warning" message="Parameter chain should be final." source="com.puppycrawl.tools.checkstyle.checks.FinalParametersCheck"/>
<error line="39" column="49" severity="warning" message="&apos;7&apos; is a magic number." source="com.puppycrawl.tools.checkstyle.checks.coding.MagicNumberCheck"/>
</file>
<file name="C:\Users\prico\OneDrive\Desktop\Faculta\SD\Assignment_3\deviceMicroservice\src\main\java\ro\tuc\ds2020\config\JwtUtil.java">
<error line="9" column="8" severity="warning" message="Unused import - org.springframework.security.core.userdetails.UserDetails." source="com.puppycrawl.tools.checkstyle.checks.imports.UnusedImportsCheck"/>
<error line="23" column="23" severity="warning" message="Name &apos;SECRET_KEY&apos; must match pattern &apos;^[a-z][a-zA-Z0-9]*$&apos;." source="com.puppycrawl.tools.checkstyle.checks.naming.MemberNameCheck"/>
<error line="25" column="5" severity="warning" message="Method &apos;init&apos; is not designed for extension - needs to be abstract, final or empty." source="com.puppycrawl.tools.checkstyle.checks.design.DesignForExtensionCheck"/>
<error line="32" column="5" severity="warning" message="Method &apos;extractEmail&apos; is not designed for extension - needs to be abstract, final or empty." source="com.puppycrawl.tools.checkstyle.checks.design.DesignForExtensionCheck"/>
<error line="32" column="32" severity="warning" message="Parameter token should be final." source="com.puppycrawl.tools.checkstyle.checks.FinalParametersCheck"/>
<error line="37" column="5" severity="warning" message="Method &apos;extractRoles&apos; is not designed for extension - needs to be abstract, final or empty." source="com.puppycrawl.tools.checkstyle.checks.design.DesignForExtensionCheck"/>
<error line="37" column="64" severity="warning" message="Parameter token should be final." source="com.puppycrawl.tools.checkstyle.checks.FinalParametersCheck"/>
<error line="42" column="5" severity="warning" message="Method &apos;extractAdminStatus&apos; is not designed for extension - needs to be abstract, final or empty." source="com.puppycrawl.tools.checkstyle.checks.design.DesignForExtensionCheck"/>
<error line="42" column="39" severity="warning" message="Parameter token should be final." source="com.puppycrawl.tools.checkstyle.checks.FinalParametersCheck"/>
<error line="46" column="5" severity="warning" message="Method &apos;extractClaim&apos; is not designed for extension - needs to be abstract, final or empty." source="com.puppycrawl.tools.checkstyle.checks.design.DesignForExtensionCheck"/>
<error line="46" column="31" severity="warning" message="Parameter token should be final." source="com.puppycrawl.tools.checkstyle.checks.FinalParametersCheck"/>
<error line="46" column="45" severity="warning" message="Parameter claimsResolver should be final." source="com.puppycrawl.tools.checkstyle.checks.FinalParametersCheck"/>
<error line="51" column="37" severity="warning" message="Parameter token should be final." source="com.puppycrawl.tools.checkstyle.checks.FinalParametersCheck"/>
<error line="59" column="5" severity="warning" message="Method &apos;extractExpiration&apos; is not designed for extension - needs to be abstract, final or empty." source="com.puppycrawl.tools.checkstyle.checks.design.DesignForExtensionCheck"/>
<error line="59" column="35" severity="warning" message="Parameter token should be final." source="com.puppycrawl.tools.checkstyle.checks.FinalParametersCheck"/>
<error line="63" column="36" severity="warning" message="Parameter token should be final." source="com.puppycrawl.tools.checkstyle.checks.FinalParametersCheck"/>
<error line="67" column="5" severity="warning" message="Method &apos;validateToken&apos; is not designed for extension - needs to be abstract, final or empty." source="com.puppycrawl.tools.checkstyle.checks.design.DesignForExtensionCheck"/>
<error line="67" column="34" severity="warning" message="Parameter token should be final." source="com.puppycrawl.tools.checkstyle.checks.FinalParametersCheck"/>
</file>
<file name="C:\Users\prico\OneDrive\Desktop\Faculta\SD\Assignment_3\deviceMicroservice\src\main\java\ro\tuc\ds2020\config\RabbitMQConfig.java">
<error line="18" column="5" severity="warning" message="Method &apos;topicExchange&apos; is not designed for extension - needs to be abstract, final or empty." source="com.puppycrawl.tools.checkstyle.checks.design.DesignForExtensionCheck"/>
<error line="23" column="5" severity="warning" message="Method &apos;exchange&apos; is not designed for extension - needs to be abstract, final or empty." source="com.puppycrawl.tools.checkstyle.checks.design.DesignForExtensionCheck"/>
<error line="29" column="5" severity="warning" message="Method &apos;deviceQueue&apos; is not designed for extension - needs to be abstract, final or empty." source="com.puppycrawl.tools.checkstyle.checks.design.DesignForExtensionCheck"/>
<error line="35" column="5" severity="warning" message="Method &apos;simulatorQueue&apos; is not designed for extension - needs to be abstract, final or empty." source="com.puppycrawl.tools.checkstyle.checks.design.DesignForExtensionCheck"/>
<error line="41" column="5" severity="warning" message="Method &apos;bindingDeviceQueue&apos; is not designed for extension - needs to be abstract, final or empty." source="com.puppycrawl.tools.checkstyle.checks.design.DesignForExtensionCheck"/>
<error line="42" column="39" severity="warning" message="Parameter deviceQueue should be final." source="com.puppycrawl.tools.checkstyle.checks.FinalParametersCheck"/>
<error line="42" column="58" severity="warning" message="Parameter exchange should be final." source="com.puppycrawl.tools.checkstyle.checks.FinalParametersCheck"/>
<error line="47" column="5" severity="warning" message="Method &apos;bindingSimulatorQueue&apos; is not designed for extension - needs to be abstract, final or empty." source="com.puppycrawl.tools.checkstyle.checks.design.DesignForExtensionCheck"/>
<error line="48" column="42" severity="warning" message="Parameter simulatorQueue should be final." source="com.puppycrawl.tools.checkstyle.checks.FinalParametersCheck"/>
<error line="48" column="64" severity="warning" message="Parameter exchange should be final." source="com.puppycrawl.tools.checkstyle.checks.FinalParametersCheck"/>
</file>
<file name="C:\Users\prico\OneDrive\Desktop\Faculta\SD\Assignment_3\deviceMicroservice\src\main\java\ro\tuc\ds2020\config\SecurityConfig.java">
<error line="6" column="8" severity="warning" message="Unused import - org.springframework.security.config.annotation.authentication.builders.AuthenticationManagerBuilder." source="com.puppycrawl.tools.checkstyle.checks.imports.UnusedImportsCheck"/>
<error line="11" column="8" severity="warning" message="Unused import - org.springframework.security.core.userdetails.UserDetailsService." source="com.puppycrawl.tools.checkstyle.checks.imports.UnusedImportsCheck"/>
<error line="15" column="8" severity="warning" message="Unused import - org.springframework.web.cors.CorsConfiguration." source="com.puppycrawl.tools.checkstyle.checks.imports.UnusedImportsCheck"/>
<error line="16" column="8" severity="warning" message="Unused import - org.springframework.web.cors.CorsConfigurationSource." source="com.puppycrawl.tools.checkstyle.checks.imports.UnusedImportsCheck"/>
<error line="17" column="8" severity="warning" message="Unused import - org.springframework.web.cors.UrlBasedCorsConfigurationSource." source="com.puppycrawl.tools.checkstyle.checks.imports.UnusedImportsCheck"/>
<error line="21" column="8" severity="warning" message="Unused import - java.util.Arrays." source="com.puppycrawl.tools.checkstyle.checks.imports.UnusedImportsCheck"/>
<error line="37" column="5" severity="warning" message="Method &apos;authenticationManagerBean&apos; is not designed for extension - needs to be abstract, final or empty." source="com.puppycrawl.tools.checkstyle.checks.design.DesignForExtensionCheck"/>
<error line="43" column="5" severity="warning" message="Method &apos;configure&apos; is not designed for extension - needs to be abstract, final or empty." source="com.puppycrawl.tools.checkstyle.checks.design.DesignForExtensionCheck"/>
<error line="44" column="30" severity="warning" message="Parameter http should be final." source="com.puppycrawl.tools.checkstyle.checks.FinalParametersCheck"/>
<error line="69" column="5" severity="warning" message="Method &apos;passwordEncoder&apos; is not designed for extension - needs to be abstract, final or empty." source="com.puppycrawl.tools.checkstyle.checks.design.DesignForExtensionCheck"/>
<error line="85" column="5" severity="warning" message="Method &apos;addCorsMappings&apos; is not designed for extension - needs to be abstract, final or empty." source="com.puppycrawl.tools.checkstyle.checks.design.DesignForExtensionCheck"/>
<error line="86" column="33" severity="warning" message="Parameter registry should be final." source="com.puppycrawl.tools.checkstyle.checks.FinalParametersCheck"/>
</file>
<file name="C:\Users\prico\OneDrive\Desktop\Faculta\SD\Assignment_3\deviceMicroservice\src\main\java\ro\tuc\ds2020\controllers\DeviceController.java">
<error line="10" column="8" severity="warning" message="Unused import - ro.tuc.ds2020.dtos.DeviceDTO." source="com.puppycrawl.tools.checkstyle.checks.imports.UnusedImportsCheck"/>
<error line="29" column="29" severity="warning" message="Parameter deviceService should be final." source="com.puppycrawl.tools.checkstyle.checks.FinalParametersCheck"/>
<error line="29" column="43" severity="warning" message="&apos;deviceService&apos; hides a field." source="com.puppycrawl.tools.checkstyle.checks.coding.HiddenFieldCheck"/>
<error line="33" column="5" severity="warning" message="Method &apos;getDevices&apos; is not designed for extension - needs to be abstract, final or empty." source="com.puppycrawl.tools.checkstyle.checks.design.DesignForExtensionCheck"/>
<error line="44" column="5" severity="warning" message="Method &apos;getDeviceByPersonId&apos; is not designed for extension - needs to be abstract, final or empty." source="com.puppycrawl.tools.checkstyle.checks.design.DesignForExtensionCheck"/>
<error line="45" column="71" severity="warning" message="Parameter personId should be final." source="com.puppycrawl.tools.checkstyle.checks.FinalParametersCheck"/>
<error line="50" column="5" severity="warning" message="Method &apos;insertDevice&apos; is not designed for extension - needs to be abstract, final or empty." source="com.puppycrawl.tools.checkstyle.checks.design.DesignForExtensionCheck"/>
<error line="51" column="46" severity="warning" message="Parameter deviceDTO should be final." source="com.puppycrawl.tools.checkstyle.checks.FinalParametersCheck"/>
<error line="59" column="5" severity="warning" message="Method &apos;getDevice&apos; is not designed for extension - needs to be abstract, final or empty." source="com.puppycrawl.tools.checkstyle.checks.design.DesignForExtensionCheck"/>
<error line="60" column="55" severity="warning" message="Parameter deviceId should be final." source="com.puppycrawl.tools.checkstyle.checks.FinalParametersCheck"/>
<error line="65" column="5" severity="warning" message="Method &apos;updateDevice&apos; is not designed for extension - needs to be abstract, final or empty." source="com.puppycrawl.tools.checkstyle.checks.design.DesignForExtensionCheck"/>
<error line="66" column="46" severity="warning" message="Parameter deviceId should be final." source="com.puppycrawl.tools.checkstyle.checks.FinalParametersCheck"/>
<error line="66" column="81" severity="warning" message="Parameter deviceDTO should be final." source="com.puppycrawl.tools.checkstyle.checks.FinalParametersCheck"/>
<error line="76" column="5" severity="warning" message="Method &apos;deleteDevice&apos; is not designed for extension - needs to be abstract, final or empty." source="com.puppycrawl.tools.checkstyle.checks.design.DesignForExtensionCheck"/>
<error line="77" column="46" severity="warning" message="Parameter deviceId should be final." source="com.puppycrawl.tools.checkstyle.checks.FinalParametersCheck"/>
<error line="87" column="5" severity="warning" message="Method &apos;deleteDeviceByPersonID&apos; is not designed for extension - needs to be abstract, final or empty." source="com.puppycrawl.tools.checkstyle.checks.design.DesignForExtensionCheck"/>
<error line="88" column="56" severity="warning" message="Parameter personId should be final." source="com.puppycrawl.tools.checkstyle.checks.FinalParametersCheck"/>
<error line="100" severity="warning" message="Comment matches to-do format &apos;TODO:&apos;." source="com.puppycrawl.tools.checkstyle.checks.TodoCommentCheck"/>
</file>
<file name="C:\Users\prico\OneDrive\Desktop\Faculta\SD\Assignment_3\deviceMicroservice\src\main\java\ro\tuc\ds2020\controllers\handlers\exceptions\model\CustomException.java">
<error line="12" column="28" severity="warning" message="Parameter message should be final." source="com.puppycrawl.tools.checkstyle.checks.FinalParametersCheck"/>
<error line="12" column="44" severity="warning" message="Parameter status should be final." source="com.puppycrawl.tools.checkstyle.checks.FinalParametersCheck"/>
<error line="12" column="55" severity="warning" message="&apos;status&apos; hides a field." source="com.puppycrawl.tools.checkstyle.checks.coding.HiddenFieldCheck"/>
<error line="12" column="64" severity="warning" message="Parameter resource should be final." source="com.puppycrawl.tools.checkstyle.checks.FinalParametersCheck"/>
<error line="12" column="71" severity="warning" message="&apos;resource&apos; hides a field." source="com.puppycrawl.tools.checkstyle.checks.coding.HiddenFieldCheck"/>
<error line="12" column="81" severity="warning" message="Parameter errors should be final." source="com.puppycrawl.tools.checkstyle.checks.FinalParametersCheck"/>
<error line="19" column="5" severity="warning" message="Method &apos;getResource&apos; is not designed for extension - needs to be abstract, final or empty." source="com.puppycrawl.tools.checkstyle.checks.design.DesignForExtensionCheck"/>
<error line="23" column="5" severity="warning" message="Method &apos;getStatus&apos; is not designed for extension - needs to be abstract, final or empty." source="com.puppycrawl.tools.checkstyle.checks.design.DesignForExtensionCheck"/>
<error line="27" column="5" severity="warning" message="Method &apos;getValidationErrors&apos; is not designed for extension - needs to be abstract, final or empty." source="com.puppycrawl.tools.checkstyle.checks.design.DesignForExtensionCheck"/>
</file>
<file name="C:\Users\prico\OneDrive\Desktop\Faculta\SD\Assignment_3\deviceMicroservice\src\main\java\ro\tuc\ds2020\controllers\handlers\exceptions\model\DuplicateResourceException.java">
<error line="9" column="37" severity="warning" message="Name &apos;httpStatus&apos; must match pattern &apos;^[A-Z][A-Z0-9]*(_[A-Z0-9]+)*$&apos;." source="com.puppycrawl.tools.checkstyle.checks.naming.ConstantNameCheck"/>
<error line="11" column="39" severity="warning" message="Parameter resource should be final." source="com.puppycrawl.tools.checkstyle.checks.FinalParametersCheck"/>
</file>
<file name="C:\Users\prico\OneDrive\Desktop\Faculta\SD\Assignment_3\deviceMicroservice\src\main\java\ro\tuc\ds2020\controllers\handlers\exceptions\model\EntityValidationException.java">
<error line="9" column="37" severity="warning" message="Name &apos;httpStatus&apos; must match pattern &apos;^[A-Z][A-Z0-9]*(_[A-Z0-9]+)*$&apos;." source="com.puppycrawl.tools.checkstyle.checks.naming.ConstantNameCheck"/>
<error line="11" column="38" severity="warning" message="Parameter resource should be final." source="com.puppycrawl.tools.checkstyle.checks.FinalParametersCheck"/>
<error line="11" column="55" severity="warning" message="Parameter errors should be final." source="com.puppycrawl.tools.checkstyle.checks.FinalParametersCheck"/>
</file>
<file name="C:\Users\prico\OneDrive\Desktop\Faculta\SD\Assignment_3\deviceMicroservice\src\main\java\ro\tuc\ds2020\controllers\handlers\exceptions\model\ExceptionHandlerResponseDTO.java">
<error line="16" column="40" severity="warning" message="Parameter resource should be final." source="com.puppycrawl.tools.checkstyle.checks.FinalParametersCheck"/>
<error line="16" column="47" severity="warning" message="&apos;resource&apos; hides a field." source="com.puppycrawl.tools.checkstyle.checks.coding.HiddenFieldCheck"/>
<error line="16" column="57" severity="warning" message="Parameter error should be final." source="com.puppycrawl.tools.checkstyle.checks.FinalParametersCheck"/>
<error line="16" column="64" severity="warning" message="&apos;error&apos; hides a field." source="com.puppycrawl.tools.checkstyle.checks.coding.HiddenFieldCheck"/>
<error line="16" column="71" severity="warning" message="Parameter status should be final." source="com.puppycrawl.tools.checkstyle.checks.FinalParametersCheck"/>
<error line="16" column="75" severity="warning" message="&apos;status&apos; hides a field." source="com.puppycrawl.tools.checkstyle.checks.coding.HiddenFieldCheck"/>
<error line="16" column="83" severity="warning" message="Parameter message should be final." source="com.puppycrawl.tools.checkstyle.checks.FinalParametersCheck"/>
<error line="16" column="90" severity="warning" message="&apos;message&apos; hides a field." source="com.puppycrawl.tools.checkstyle.checks.coding.HiddenFieldCheck"/>
<error line="16" column="99" severity="warning" message="Parameter details should be final." source="com.puppycrawl.tools.checkstyle.checks.FinalParametersCheck"/>
<error line="16" column="113" severity="warning" message="&apos;details&apos; hides a field." source="com.puppycrawl.tools.checkstyle.checks.coding.HiddenFieldCheck"/>
<error line="16" column="122" severity="warning" message="Parameter path should be final." source="com.puppycrawl.tools.checkstyle.checks.FinalParametersCheck"/>
<error line="16" column="129" severity="warning" message="&apos;path&apos; hides a field." source="com.puppycrawl.tools.checkstyle.checks.coding.HiddenFieldCheck"/>
<error line="26" column="5" severity="warning" message="Method &apos;getTimestamp&apos; is not designed for extension - needs to be abstract, final or empty." source="com.puppycrawl.tools.checkstyle.checks.design.DesignForExtensionCheck"/>
<error line="30" column="5" severity="warning" message="Method &apos;setTimestamp&apos; is not designed for extension - needs to be abstract, final or empty." source="com.puppycrawl.tools.checkstyle.checks.design.DesignForExtensionCheck"/>
<error line="30" column="30" severity="warning" message="Parameter timestamp should be final." source="com.puppycrawl.tools.checkstyle.checks.FinalParametersCheck"/>
<error line="30" column="35" severity="warning" message="&apos;timestamp&apos; hides a field." source="com.puppycrawl.tools.checkstyle.checks.coding.HiddenFieldCheck"/>
<error line="34" column="5" severity="warning" message="Method &apos;getStatus&apos; is not designed for extension - needs to be abstract, final or empty." source="com.puppycrawl.tools.checkstyle.checks.design.DesignForExtensionCheck"/>
<error line="38" column="5" severity="warning" message="Method &apos;setStatus&apos; is not designed for extension - needs to be abstract, final or empty." source="com.puppycrawl.tools.checkstyle.checks.design.DesignForExtensionCheck"/>
<error line="38" column="27" severity="warning" message="Parameter status should be final." source="com.puppycrawl.tools.checkstyle.checks.FinalParametersCheck"/>
<error line="38" column="31" severity="warning" message="&apos;status&apos; hides a field." source="com.puppycrawl.tools.checkstyle.checks.coding.HiddenFieldCheck"/>
<error line="42" column="5" severity="warning" message="Method &apos;getResource&apos; is not designed for extension - needs to be abstract, final or empty." source="com.puppycrawl.tools.checkstyle.checks.design.DesignForExtensionCheck"/>
<error line="46" column="5" severity="warning" message="Method &apos;setResource&apos; is not designed for extension - needs to be abstract, final or empty." source="com.puppycrawl.tools.checkstyle.checks.design.DesignForExtensionCheck"/>
<error line="46" column="29" severity="warning" message="Parameter error should be final." source="com.puppycrawl.tools.checkstyle.checks.FinalParametersCheck"/>
<error line="46" column="36" severity="warning" message="&apos;error&apos; hides a field." source="com.puppycrawl.tools.checkstyle.checks.coding.HiddenFieldCheck"/>
<error line="50" column="5" severity="warning" message="Method &apos;getMessage&apos; is not designed for extension - needs to be abstract, final or empty." source="com.puppycrawl.tools.checkstyle.checks.design.DesignForExtensionCheck"/>
<error line="54" column="5" severity="warning" message="Method &apos;setMessage&apos; is not designed for extension - needs to be abstract, final or empty." source="com.puppycrawl.tools.checkstyle.checks.design.DesignForExtensionCheck"/>
<error line="54" column="28" severity="warning" message="Parameter message should be final." source="com.puppycrawl.tools.checkstyle.checks.FinalParametersCheck"/>
<error line="54" column="35" severity="warning" message="&apos;message&apos; hides a field." source="com.puppycrawl.tools.checkstyle.checks.coding.HiddenFieldCheck"/>
<error line="58" column="5" severity="warning" message="Method &apos;getPath&apos; is not designed for extension - needs to be abstract, final or empty." source="com.puppycrawl.tools.checkstyle.checks.design.DesignForExtensionCheck"/>
<error line="62" column="5" severity="warning" message="Method &apos;setPath&apos; is not designed for extension - needs to be abstract, final or empty." source="com.puppycrawl.tools.checkstyle.checks.design.DesignForExtensionCheck"/>
<error line="62" column="25" severity="warning" message="Parameter path should be final." source="com.puppycrawl.tools.checkstyle.checks.FinalParametersCheck"/>
<error line="62" column="32" severity="warning" message="&apos;path&apos; hides a field." source="com.puppycrawl.tools.checkstyle.checks.coding.HiddenFieldCheck"/>
<error line="66" column="5" severity="warning" message="Method &apos;getDetails&apos; is not designed for extension - needs to be abstract, final or empty." source="com.puppycrawl.tools.checkstyle.checks.design.DesignForExtensionCheck"/>
<error line="70" column="5" severity="warning" message="Method &apos;setDetails&apos; is not designed for extension - needs to be abstract, final or empty." source="com.puppycrawl.tools.checkstyle.checks.design.DesignForExtensionCheck"/>
<error line="70" column="28" severity="warning" message="Parameter details should be final." source="com.puppycrawl.tools.checkstyle.checks.FinalParametersCheck"/>
<error line="70" column="42" severity="warning" message="&apos;details&apos; hides a field." source="com.puppycrawl.tools.checkstyle.checks.coding.HiddenFieldCheck"/>
<error line="74" column="5" severity="warning" message="Method &apos;getError&apos; is not designed for extension - needs to be abstract, final or empty." source="com.puppycrawl.tools.checkstyle.checks.design.DesignForExtensionCheck"/>
<error line="78" column="5" severity="warning" message="Method &apos;setError&apos; is not designed for extension - needs to be abstract, final or empty." source="com.puppycrawl.tools.checkstyle.checks.design.DesignForExtensionCheck"/>
<error line="78" column="26" severity="warning" message="Parameter error should be final." source="com.puppycrawl.tools.checkstyle.checks.FinalParametersCheck"/>
<error line="78" column="33" severity="warning" message="&apos;error&apos; hides a field." source="com.puppycrawl.tools.checkstyle.checks.coding.HiddenFieldCheck"/>
</file>
<file name="C:\Users\prico\OneDrive\Desktop\Faculta\SD\Assignment_3\deviceMicroservice\src\main\java\ro\tuc\ds2020\controllers\handlers\exceptions\model\ParameterValidationException.java">
<error line="9" column="37" severity="warning" message="Name &apos;httpStatus&apos; must match pattern &apos;^[A-Z][A-Z0-9]*(_[A-Z0-9]+)*$&apos;." source="com.puppycrawl.tools.checkstyle.checks.naming.ConstantNameCheck"/>
<error line="11" column="41" severity="warning" message="Parameter resource should be final." source="com.puppycrawl.tools.checkstyle.checks.FinalParametersCheck"/>
<error line="11" column="58" severity="warning" message="Parameter errors should be final." source="com.puppycrawl.tools.checkstyle.checks.FinalParametersCheck"/>
</file>
<file name="C:\Users\prico\OneDrive\Desktop\Faculta\SD\Assignment_3\deviceMicroservice\src\main\java\ro\tuc\ds2020\controllers\handlers\exceptions\model\ResourceNotFoundException.java">
<error line="9" column="37" severity="warning" message="Name &apos;httpStatus&apos; must match pattern &apos;^[A-Z][A-Z0-9]*(_[A-Z0-9]+)*$&apos;." source="com.puppycrawl.tools.checkstyle.checks.naming.ConstantNameCheck"/>
<error line="11" column="38" severity="warning" message="Parameter resource should be final." source="com.puppycrawl.tools.checkstyle.checks.FinalParametersCheck"/>
</file>
<file name="C:\Users\prico\OneDrive\Desktop\Faculta\SD\Assignment_3\deviceMicroservice\src\main\java\ro\tuc\ds2020\controllers\handlers\RestExceptionHandler.java">
<error line="23" column="5" severity="warning" message="Method &apos;handleConstraintViolationException&apos; is not designed for extension - needs to be abstract, final or empty." source="com.puppycrawl.tools.checkstyle.checks.design.DesignForExtensionCheck"/>
<error line="24" column="70" severity="warning" message="Parameter e should be final." source="com.puppycrawl.tools.checkstyle.checks.FinalParametersCheck"/>
<error line="24" column="102" severity="warning" message="Parameter request should be final." source="com.puppycrawl.tools.checkstyle.checks.FinalParametersCheck"/>
<error line="42" column="5" severity="warning" message="Method &apos;handleMethodArgumentNotValid&apos; is not designed for extension - needs to be abstract, final or empty." source="com.puppycrawl.tools.checkstyle.checks.design.DesignForExtensionCheck"/>
<error line="43" column="67" severity="warning" message="Parameter ex should be final." source="com.puppycrawl.tools.checkstyle.checks.FinalParametersCheck"/>
<error line="43" column="103" severity="warning" message="Parameter headers should be final." source="com.puppycrawl.tools.checkstyle.checks.FinalParametersCheck"/>
<error line="43" column="124" severity="warning" message="Parameter status should be final." source="com.puppycrawl.tools.checkstyle.checks.FinalParametersCheck"/>
<error line="43" column="143" severity="warning" message="Parameter request should be final." source="com.puppycrawl.tools.checkstyle.checks.FinalParametersCheck"/>
<error line="66" column="5" severity="warning" message="Method &apos;handleCustomExceptions&apos; is not designed for extension - needs to be abstract, final or empty." source="com.puppycrawl.tools.checkstyle.checks.design.DesignForExtensionCheck"/>
<error line="67" column="61" severity="warning" message="Parameter ex should be final." source="com.puppycrawl.tools.checkstyle.checks.FinalParametersCheck"/>
<error line="68" column="61" severity="warning" message="Parameter request should be final." source="com.puppycrawl.tools.checkstyle.checks.FinalParametersCheck"/>
</file>
<file name="C:\Users\prico\OneDrive\Desktop\Faculta\SD\Assignment_3\deviceMicroservice\src\main\java\ro\tuc\ds2020\controllers\IndexController.java">
<error line="12" column="5" severity="warning" message="Method &apos;getStatus&apos; is not designed for extension - needs to be abstract, final or empty." source="com.puppycrawl.tools.checkstyle.checks.design.DesignForExtensionCheck"/>
</file>
<file name="C:\Users\prico\OneDrive\Desktop\Faculta\SD\Assignment_3\deviceMicroservice\src\main\java\ro\tuc\ds2020\controllers\PersonController.java">
<error line="9" column="8" severity="warning" message="Unused import - ro.tuc.ds2020.entities.Person." source="com.puppycrawl.tools.checkstyle.checks.imports.UnusedImportsCheck"/>
<error line="11" column="1" severity="warning" message="Duplicate import to line 4 - org.springframework.hateoas.Link." source="com.puppycrawl.tools.checkstyle.checks.imports.RedundantImportCheck"/>
<error line="26" column="29" severity="warning" message="Parameter personService should be final." source="com.puppycrawl.tools.checkstyle.checks.FinalParametersCheck"/>
<error line="26" column="43" severity="warning" message="&apos;personService&apos; hides a field." source="com.puppycrawl.tools.checkstyle.checks.coding.HiddenFieldCheck"/>
<error line="30" column="5" severity="warning" message="Method &apos;getPersons&apos; is not designed for extension - needs to be abstract, final or empty." source="com.puppycrawl.tools.checkstyle.checks.design.DesignForExtensionCheck"/>
<error line="41" column="5" severity="warning" message="Method &apos;getPerson&apos; is not designed for extension - needs to be abstract, final or empty." source="com.puppycrawl.tools.checkstyle.checks.design.DesignForExtensionCheck"/>
<error line="42" column="48" severity="warning" message="Parameter id should be final." source="com.puppycrawl.tools.checkstyle.checks.FinalParametersCheck"/>
<error line="47" column="5" severity="warning" message="Method &apos;insertPerson&apos; is not designed for extension - needs to be abstract, final or empty." source="com.puppycrawl.tools.checkstyle.checks.design.DesignForExtensionCheck"/>
<error line="48" column="30" severity="warning" message="Parameter id should be final." source="com.puppycrawl.tools.checkstyle.checks.FinalParametersCheck"/>
<error line="55" column="5" severity="warning" message="Method &apos;deletePerson&apos; is not designed for extension - needs to be abstract, final or empty." source="com.puppycrawl.tools.checkstyle.checks.design.DesignForExtensionCheck"/>
<error line="56" column="30" severity="warning" message="Parameter personId should be final." source="com.puppycrawl.tools.checkstyle.checks.FinalParametersCheck"/>
</file>
<file name="C:\Users\prico\OneDrive\Desktop\Faculta\SD\Assignment_3\deviceMicroservice\src\main\java\ro\tuc\ds2020\Ds2020Application.java">
<error line="14" column="5" severity="warning" message="Method &apos;configure&apos; is not designed for extension - needs to be abstract, final or empty." source="com.puppycrawl.tools.checkstyle.checks.design.DesignForExtensionCheck"/>
<error line="15" column="50" severity="warning" message="Parameter application should be final." source="com.puppycrawl.tools.checkstyle.checks.FinalParametersCheck"/>
<error line="19" column="29" severity="warning" message="Parameter args should be final." source="com.puppycrawl.tools.checkstyle.checks.FinalParametersCheck"/>
</file>
<file name="C:\Users\prico\OneDrive\Desktop\Faculta\SD\Assignment_3\deviceMicroservice\src\main\java\ro\tuc\ds2020\dtos\builders\DeviceBuilder.java">
<error line="5" column="8" severity="warning" message="Unused import - ro.tuc.ds2020.dtos.PersonDTO." source="com.puppycrawl.tools.checkstyle.checks.imports.UnusedImportsCheck"/>
<error line="7" column="8" severity="warning" message="Unused import - ro.tuc.ds2020.entities.Person." source="com.puppycrawl.tools.checkstyle.checks.imports.UnusedImportsCheck"/>
<error line="9" severity="warning" message="Class DeviceBuilder should be declared as final." source="com.puppycrawl.tools.checkstyle.checks.design.FinalClassCheck"/>
<error line="14" column="41" severity="warning" message="Parameter device should be final." source="com.puppycrawl.tools.checkstyle.checks.FinalParametersCheck"/>
<error line="18" column="55" severity="warning" message="Parameter device should be final." source="com.puppycrawl.tools.checkstyle.checks.FinalParametersCheck"/>
<error line="22" column="35" severity="warning" message="Parameter deviceDetailsDTO should be final." source="com.puppycrawl.tools.checkstyle.checks.FinalParametersCheck"/>
</file>
<file name="C:\Users\prico\OneDrive\Desktop\Faculta\SD\Assignment_3\deviceMicroservice\src\main\java\ro\tuc\ds2020\dtos\builders\PersonBuilder.java">
<error line="6" severity="warning" message="Class PersonBuilder should be declared as final." source="com.puppycrawl.tools.checkstyle.checks.design.FinalClassCheck"/>
<error line="11" column="41" severity="warning" message="Parameter person should be final." source="com.puppycrawl.tools.checkstyle.checks.FinalParametersCheck"/>
<error line="19" column="35" severity="warning" message="Parameter personDetailsDTO should be final." source="com.puppycrawl.tools.checkstyle.checks.FinalParametersCheck"/>
</file>
<file name="C:\Users\prico\OneDrive\Desktop\Faculta\SD\Assignment_3\deviceMicroservice\src\main\java\ro\tuc\ds2020\dtos\DeviceDetailsDTO.java">
<error line="7" column="8" severity="warning" message="Unused import - org.springframework.hateoas.Link." source="com.puppycrawl.tools.checkstyle.checks.imports.UnusedImportsCheck"/>
<error line="28" column="29" severity="warning" message="Parameter description should be final." source="com.puppycrawl.tools.checkstyle.checks.FinalParametersCheck"/>
<error line="28" column="36" severity="warning" message="&apos;description&apos; hides a field." source="com.puppycrawl.tools.checkstyle.checks.coding.HiddenFieldCheck"/>
<error line="28" column="49" severity="warning" message="Parameter address should be final." source="com.puppycrawl.tools.checkstyle.checks.FinalParametersCheck"/>
<error line="28" column="56" severity="warning" message="&apos;address&apos; hides a field." source="com.puppycrawl.tools.checkstyle.checks.coding.HiddenFieldCheck"/>
<error line="28" column="65" severity="warning" message="Parameter maxHourlyEnergyConsumption should be final." source="com.puppycrawl.tools.checkstyle.checks.FinalParametersCheck"/>
<error line="28" column="69" severity="warning" message="&apos;maxHourlyEnergyConsumption&apos; hides a field." source="com.puppycrawl.tools.checkstyle.checks.coding.HiddenFieldCheck"/>
<error line="28" column="97" severity="warning" message="Parameter person should be final." source="com.puppycrawl.tools.checkstyle.checks.FinalParametersCheck"/>
<error line="28" column="104" severity="warning" message="&apos;person&apos; hides a field." source="com.puppycrawl.tools.checkstyle.checks.coding.HiddenFieldCheck"/>
<error line="36" column="5" severity="warning" message="Method &apos;equals&apos; is not designed for extension - needs to be abstract, final or empty." source="com.puppycrawl.tools.checkstyle.checks.design.DesignForExtensionCheck"/>
<error line="37" column="27" severity="warning" message="Parameter o should be final." source="com.puppycrawl.tools.checkstyle.checks.FinalParametersCheck"/>
<error line="38" severity="warning" message="&apos;if&apos; construct must use &apos;{}&apos;s." source="com.puppycrawl.tools.checkstyle.checks.blocks.NeedBracesCheck"/>
<error line="39" severity="warning" message="&apos;if&apos; construct must use &apos;{}&apos;s." source="com.puppycrawl.tools.checkstyle.checks.blocks.NeedBracesCheck"/>
<error line="47" column="5" severity="warning" message="Method &apos;hashCode&apos; is not designed for extension - needs to be abstract, final or empty." source="com.puppycrawl.tools.checkstyle.checks.design.DesignForExtensionCheck"/>
</file>
<file name="C:\Users\prico\OneDrive\Desktop\Faculta\SD\Assignment_3\deviceMicroservice\src\main\java\ro\tuc\ds2020\dtos\DeviceDTO.java">
<error line="22" column="5" severity="warning" message="Method &apos;equals&apos; is not designed for extension - needs to be abstract, final or empty." source="com.puppycrawl.tools.checkstyle.checks.design.DesignForExtensionCheck"/>
<error line="23" column="27" severity="warning" message="Parameter o should be final." source="com.puppycrawl.tools.checkstyle.checks.FinalParametersCheck"/>
<error line="24" severity="warning" message="&apos;if&apos; construct must use &apos;{}&apos;s." source="com.puppycrawl.tools.checkstyle.checks.blocks.NeedBracesCheck"/>
<error line="25" severity="warning" message="&apos;if&apos; construct must use &apos;{}&apos;s." source="com.puppycrawl.tools.checkstyle.checks.blocks.NeedBracesCheck"/>
<error line="32" column="5" severity="warning" message="Method &apos;hashCode&apos; is not designed for extension - needs to be abstract, final or empty." source="com.puppycrawl.tools.checkstyle.checks.design.DesignForExtensionCheck"/>
</file>
<file name="C:\Users\prico\OneDrive\Desktop\Faculta\SD\Assignment_3\deviceMicroservice\src\main\java\ro\tuc\ds2020\dtos\DeviceMessage.java">
<error line="16" column="5" severity="warning" message="Method &apos;toString&apos; is not designed for extension - needs to be abstract, final or empty." source="com.puppycrawl.tools.checkstyle.checks.design.DesignForExtensionCheck"/>
</file>
<file name="C:\Users\prico\OneDrive\Desktop\Faculta\SD\Assignment_3\deviceMicroservice\src\main\java\ro\tuc\ds2020\dtos\PersonDTO.java">
<error line="20" column="5" severity="warning" message="Method &apos;equals&apos; is not designed for extension - needs to be abstract, final or empty." source="com.puppycrawl.tools.checkstyle.checks.design.DesignForExtensionCheck"/>
<error line="21" column="27" severity="warning" message="Parameter o should be final." source="com.puppycrawl.tools.checkstyle.checks.FinalParametersCheck"/>
<error line="22" severity="warning" message="&apos;if&apos; construct must use &apos;{}&apos;s." source="com.puppycrawl.tools.checkstyle.checks.blocks.NeedBracesCheck"/>
<error line="23" severity="warning" message="&apos;if&apos; construct must use &apos;{}&apos;s." source="com.puppycrawl.tools.checkstyle.checks.blocks.NeedBracesCheck"/>
<error line="28" column="5" severity="warning" message="Method &apos;hashCode&apos; is not designed for extension - needs to be abstract, final or empty." source="com.puppycrawl.tools.checkstyle.checks.design.DesignForExtensionCheck"/>
</file>
<file name="C:\Users\prico\OneDrive\Desktop\Faculta\SD\Assignment_3\deviceMicroservice\src\main\java\ro\tuc\ds2020\dtos\validators\AgeValidator.java">
<error line="14" column="5" severity="warning" message="Method &apos;initialize&apos; is not designed for extension - needs to be abstract, final or empty." source="com.puppycrawl.tools.checkstyle.checks.design.DesignForExtensionCheck"/>
<error line="15" column="28" severity="warning" message="Parameter constraintAnnotation should be final." source="com.puppycrawl.tools.checkstyle.checks.FinalParametersCheck"/>
<error line="19" column="5" severity="warning" message="Method &apos;isValid&apos; is not designed for extension - needs to be abstract, final or empty." source="com.puppycrawl.tools.checkstyle.checks.design.DesignForExtensionCheck"/>
<error line="20" column="28" severity="warning" message="Parameter inputAge should be final." source="com.puppycrawl.tools.checkstyle.checks.FinalParametersCheck"/>
<error line="20" column="46" severity="warning" message="Parameter constraintValidatorContext should be final." source="com.puppycrawl.tools.checkstyle.checks.FinalParametersCheck"/>
</file>
<file name="C:\Users\prico\OneDrive\Desktop\Faculta\SD\Assignment_3\deviceMicroservice\src\main\java\ro\tuc\ds2020\dtos\validators\annotation\AgeLimit.java">
<error line="15" column="25" severity="warning" message="&apos;120&apos; is a magic number." source="com.puppycrawl.tools.checkstyle.checks.coding.MagicNumberCheck"/>
</file>
<file name="C:\Users\prico\OneDrive\Desktop\Faculta\SD\Assignment_3\deviceMicroservice\src\main\java\ro\tuc\ds2020\entities\Device.java">
<error line="7" column="8" severity="warning" message="Unused import - org.hibernate.annotations.Cascade." source="com.puppycrawl.tools.checkstyle.checks.imports.UnusedImportsCheck"/>
<error line="44" column="19" severity="warning" message="Parameter description should be final." source="com.puppycrawl.tools.checkstyle.checks.FinalParametersCheck"/>
<error line="44" column="26" severity="warning" message="&apos;description&apos; hides a field." source="com.puppycrawl.tools.checkstyle.checks.coding.HiddenFieldCheck"/>
<error line="44" column="39" severity="warning" message="Parameter address should be final." source="com.puppycrawl.tools.checkstyle.checks.FinalParametersCheck"/>
<error line="44" column="46" severity="warning" message="&apos;address&apos; hides a field." source="com.puppycrawl.tools.checkstyle.checks.coding.HiddenFieldCheck"/>
<error line="44" column="55" severity="warning" message="Parameter maxHourlyEnergyConsumption should be final." source="com.puppycrawl.tools.checkstyle.checks.FinalParametersCheck"/>
<error line="44" column="59" severity="warning" message="&apos;maxHourlyEnergyConsumption&apos; hides a field." source="com.puppycrawl.tools.checkstyle.checks.coding.HiddenFieldCheck"/>
<error line="44" column="87" severity="warning" message="Parameter person should be final." source="com.puppycrawl.tools.checkstyle.checks.FinalParametersCheck"/>
<error line="44" column="94" severity="warning" message="&apos;person&apos; hides a field." source="com.puppycrawl.tools.checkstyle.checks.coding.HiddenFieldCheck"/>
</file>
<file name="C:\Users\prico\OneDrive\Desktop\Faculta\SD\Assignment_3\deviceMicroservice\src\main\java\ro\tuc\ds2020\entities\Person.java">
<error line="7" column="8" severity="warning" message="Unused import - org.hibernate.annotations.Cascade." source="com.puppycrawl.tools.checkstyle.checks.imports.UnusedImportsCheck"/>
<error line="13" column="8" severity="warning" message="Unused import - java.util.ArrayList." source="com.puppycrawl.tools.checkstyle.checks.imports.UnusedImportsCheck"/>
<error line="38" column="19" severity="warning" message="Parameter personId should be final." source="com.puppycrawl.tools.checkstyle.checks.FinalParametersCheck"/>
<error line="38" column="24" severity="warning" message="&apos;personId&apos; hides a field." source="com.puppycrawl.tools.checkstyle.checks.coding.HiddenFieldCheck"/>
</file>
<file name="C:\Users\prico\OneDrive\Desktop\Faculta\SD\Assignment_3\deviceMicroservice\src\main\java\ro\tuc\ds2020\repositories\DeviceRepository.java">
</file>
<file name="C:\Users\prico\OneDrive\Desktop\Faculta\SD\Assignment_3\deviceMicroservice\src\main\java\ro\tuc\ds2020\repositories\PersonRepository.java">
<error line="10" column="5" severity="warning" message="Redundant &apos;public&apos; modifier." source="com.puppycrawl.tools.checkstyle.checks.modifier.RedundantModifierCheck"/>
</file>
<file name="C:\Users\prico\OneDrive\Desktop\Faculta\SD\Assignment_3\deviceMicroservice\src\main\java\ro\tuc\ds2020\services\DeviceService.java">
<error line="11" column="8" severity="warning" message="Unused import - ro.tuc.ds2020.dtos.DeviceDTO." source="com.puppycrawl.tools.checkstyle.checks.imports.UnusedImportsCheck"/>
<error line="33" column="26" severity="warning" message="Parameter deviceRepository should be final." source="com.puppycrawl.tools.checkstyle.checks.FinalParametersCheck"/>
<error line="33" column="43" severity="warning" message="&apos;deviceRepository&apos; hides a field." source="com.puppycrawl.tools.checkstyle.checks.coding.HiddenFieldCheck"/>
<error line="33" column="61" severity="warning" message="Parameter personRepository should be final." source="com.puppycrawl.tools.checkstyle.checks.FinalParametersCheck"/>
<error line="33" column="78" severity="warning" message="&apos;personRepository&apos; hides a field." source="com.puppycrawl.tools.checkstyle.checks.coding.HiddenFieldCheck"/>
<error line="33" column="96" severity="warning" message="Parameter rabbitMQSender should be final." source="com.puppycrawl.tools.checkstyle.checks.FinalParametersCheck"/>
<error line="33" column="111" severity="warning" message="&apos;rabbitMQSender&apos; hides a field." source="com.puppycrawl.tools.checkstyle.checks.coding.HiddenFieldCheck"/>
<error line="39" column="5" severity="warning" message="Method &apos;findDevices&apos; is not designed for extension - needs to be abstract, final or empty." source="com.puppycrawl.tools.checkstyle.checks.design.DesignForExtensionCheck"/>
<error line="46" column="5" severity="warning" message="Method &apos;findDeviceById&apos; is not designed for extension - needs to be abstract, final or empty." source="com.puppycrawl.tools.checkstyle.checks.design.DesignForExtensionCheck"/>
<error line="46" column="44" severity="warning" message="Parameter id should be final." source="com.puppycrawl.tools.checkstyle.checks.FinalParametersCheck"/>
<error line="55" column="5" severity="warning" message="Method &apos;findDeviceByPersonId&apos; is not designed for extension - needs to be abstract, final or empty." source="com.puppycrawl.tools.checkstyle.checks.design.DesignForExtensionCheck"/>
<error line="55" column="50" severity="warning" message="Parameter id should be final." source="com.puppycrawl.tools.checkstyle.checks.FinalParametersCheck"/>
<error line="64" column="5" severity="warning" message="Method &apos;findDevicesByPersonId&apos; is not designed for extension - needs to be abstract, final or empty." source="com.puppycrawl.tools.checkstyle.checks.design.DesignForExtensionCheck"/>
<error line="64" column="57" severity="warning" message="Parameter id should be final." source="com.puppycrawl.tools.checkstyle.checks.FinalParametersCheck"/>
<error line="74" column="5" severity="warning" message="Method &apos;insert&apos; is not designed for extension - needs to be abstract, final or empty." source="com.puppycrawl.tools.checkstyle.checks.design.DesignForExtensionCheck"/>
<error line="74" column="24" severity="warning" message="Parameter deviceDTO should be final." source="com.puppycrawl.tools.checkstyle.checks.FinalParametersCheck"/>
<error line="96" column="5" severity="warning" message="Method &apos;delete&apos; is not designed for extension - needs to be abstract, final or empty." source="com.puppycrawl.tools.checkstyle.checks.design.DesignForExtensionCheck"/>
<error line="96" column="24" severity="warning" message="Parameter deviceId should be final." source="com.puppycrawl.tools.checkstyle.checks.FinalParametersCheck"/>
<error line="119" column="5" severity="warning" message="Method &apos;update&apos; is not designed for extension - needs to be abstract, final or empty." source="com.puppycrawl.tools.checkstyle.checks.design.DesignForExtensionCheck"/>
<error line="119" column="24" severity="warning" message="Parameter deviceId should be final." source="com.puppycrawl.tools.checkstyle.checks.FinalParametersCheck"/>
<error line="119" column="39" severity="warning" message="Parameter deviceDetailsDTO should be final." source="com.puppycrawl.tools.checkstyle.checks.FinalParametersCheck"/>
</file>
<file name="C:\Users\prico\OneDrive\Desktop\Faculta\SD\Assignment_3\deviceMicroservice\src\main\java\ro\tuc\ds2020\services\PersonService.java">
<error line="24" column="26" severity="warning" message="Parameter personRepository should be final." source="com.puppycrawl.tools.checkstyle.checks.FinalParametersCheck"/>
<error line="24" column="43" severity="warning" message="&apos;personRepository&apos; hides a field." source="com.puppycrawl.tools.checkstyle.checks.coding.HiddenFieldCheck"/>
<error line="26" column="5" severity="warning" message="Method &apos;getAllPersons&apos; is not designed for extension - needs to be abstract, final or empty." source="com.puppycrawl.tools.checkstyle.checks.design.DesignForExtensionCheck"/>
<error line="33" column="5" severity="warning" message="Method &apos;insertPerson&apos; is not designed for extension - needs to be abstract, final or empty." source="com.puppycrawl.tools.checkstyle.checks.design.DesignForExtensionCheck"/>
<error line="33" column="30" severity="warning" message="Parameter personDTO should be final." source="com.puppycrawl.tools.checkstyle.checks.FinalParametersCheck"/>
<error line="40" column="5" severity="warning" message="Method &apos;deletePerson&apos; is not designed for extension - needs to be abstract, final or empty." source="com.puppycrawl.tools.checkstyle.checks.design.DesignForExtensionCheck"/>
<error line="40" column="30" severity="warning" message="Parameter personId should be final." source="com.puppycrawl.tools.checkstyle.checks.FinalParametersCheck"/>
<error line="51" column="5" severity="warning" message="Method &apos;findPersonById&apos; is not designed for extension - needs to be abstract, final or empty." source="com.puppycrawl.tools.checkstyle.checks.design.DesignForExtensionCheck"/>
<error line="51" column="37" severity="warning" message="Parameter personId should be final." source="com.puppycrawl.tools.checkstyle.checks.FinalParametersCheck"/>
<error line="60" column="5" severity="warning" message="Method &apos;findPersonByPersonId&apos; is not designed for extension - needs to be abstract, final or empty." source="com.puppycrawl.tools.checkstyle.checks.design.DesignForExtensionCheck"/>
<error line="60" column="43" severity="warning" message="Parameter personId should be final." source="com.puppycrawl.tools.checkstyle.checks.FinalParametersCheck"/>
</file>
<file name="C:\Users\prico\OneDrive\Desktop\Faculta\SD\Assignment_3\deviceMicroservice\src\main\java\ro\tuc\ds2020\services\RabbitMQSender.java">
<error line="13" column="27" severity="warning" message="Parameter rabbitTemplate should be final." source="com.puppycrawl.tools.checkstyle.checks.FinalParametersCheck"/>
<error line="13" column="42" severity="warning" message="&apos;rabbitTemplate&apos; hides a field." source="com.puppycrawl.tools.checkstyle.checks.coding.HiddenFieldCheck"/>
<error line="17" column="5" severity="warning" message="Method &apos;sendMessageToQueue&apos; is not designed for extension - needs to be abstract, final or empty." source="com.puppycrawl.tools.checkstyle.checks.design.DesignForExtensionCheck"/>
<error line="17" column="36" severity="warning" message="Parameter topic should be final." source="com.puppycrawl.tools.checkstyle.checks.FinalParametersCheck"/>
<error line="17" column="50" severity="warning" message="Parameter queueName should be final." source="com.puppycrawl.tools.checkstyle.checks.FinalParametersCheck"/>
<error line="17" column="68" severity="warning" message="Parameter message should be final." source="com.puppycrawl.tools.checkstyle.checks.FinalParametersCheck"/>
</file>
<file name="C:\Users\prico\OneDrive\Desktop\Faculta\SD\Assignment_3\deviceMicroservice\src\main\resources\application.properties">
</file>
<file name="C:\Users\prico\OneDrive\Desktop\Faculta\SD\Assignment_3\deviceMicroservice\src\test\resources\application-test.properties">
</file>
</checkstyle>
